[ +399 ms] Artifact Instance of 'MaterialFonts' is not required, skipping update.
[   +1 ms] Artifact Instance of 'GradleWrapper' is not required, skipping update.
[        ] Artifact Instance of 'AndroidGenSnapshotArtifacts' is not required, skipping update.
[        ] Artifact Instance of 'AndroidInternalBuildArtifacts' is not required, skipping update.
[        ] Artifact Instance of 'IOSEngineArtifacts' is not required, skipping update.
[        ] Artifact Instance of 'FlutterWebSdk' is not required, skipping update.
[   +1 ms] Artifact Instance of 'LegacyCanvasKitRemover' is not required, skipping update.
[        ] Artifact Instance of 'FlutterSdk' is not required, skipping update.
[        ] Artifact Instance of 'WindowsEngineArtifacts' is not required, skipping update.
[        ] Artifact Instance of 'MacOSEngineArtifacts' is not required, skipping update.
[        ] Artifact Instance of 'LinuxEngineArtifacts' is not required, skipping update.
[        ] Artifact Instance of 'LinuxFuchsiaSDKArtifacts' is not required, skipping update.
[        ] Artifact Instance of 'MacOSFuchsiaSDKArtifacts' is not required, skipping update.
[        ] Artifact Instance of 'FlutterRunnerSDKArtifacts' is not required, skipping update.
[        ] Artifact Instance of 'FlutterRunnerDebugSymbols' is not required, skipping update.
[        ] Artifact Instance of 'IosUsbArtifacts' is not required, skipping update.
[        ] Artifact Instance of 'IosUsbArtifacts' is not required, skipping update.
[        ] Artifact Instance of 'IosUsbArtifacts' is not required, skipping update.
[        ] Artifact Instance of 'IosUsbArtifacts' is not required, skipping update.
[        ] Artifact Instance of 'IosUsbArtifacts' is not required, skipping update.
[        ] Artifact Instance of 'IosUsbArtifacts' is not required, skipping update.
[        ] Artifact Instance of 'FontSubsetArtifacts' is not required, skipping update.
[        ] Artifact Instance of 'PubDependencies' is not required, skipping update.
[ +188 ms] Artifact Instance of 'AndroidGenSnapshotArtifacts' is not required, skipping update.
[        ] Artifact Instance of 'AndroidInternalBuildArtifacts' is not required, skipping update.
[        ] Artifact Instance of 'IOSEngineArtifacts' is not required, skipping update.
[        ] Artifact Instance of 'FlutterWebSdk' is not required, skipping update.
[        ] Artifact Instance of 'FlutterEngineStamp' is not required, skipping update.
[        ] Artifact Instance of 'LegacyCanvasKitRemover' is not required, skipping update.
[   +4 ms] Artifact Instance of 'WindowsEngineArtifacts' is not required, skipping update.
[        ] Artifact Instance of 'MacOSEngineArtifacts' is not required, skipping update.
[        ] Artifact Instance of 'LinuxEngineArtifacts' is not required, skipping update.
[        ] Artifact Instance of 'LinuxFuchsiaSDKArtifacts' is not required, skipping update.
[        ] Artifact Instance of 'MacOSFuchsiaSDKArtifacts' is not required, skipping update.
[        ] Artifact Instance of 'FlutterRunnerSDKArtifacts' is not required, skipping update.
[        ] Artifact Instance of 'FlutterRunnerDebugSymbols' is not required, skipping update.
[ +149 ms] executing: C:\Users\Enock Mumo\AppData\Local\Android\sdk\platform-tools\adb.exe devices -l
[  +94 ms] List of devices attached
           LRVWEQ8XJZ89WK4H       device product:gale_global model:23106RN0DA device:gale transport_id:1
[   +6 ms] C:\Users\Enock Mumo\AppData\Local\Android\sdk\platform-tools\adb.exe -s LRVWEQ8XJZ89WK4H shell getprop
[ +154 ms] Artifact Instance of 'AndroidInternalBuildArtifacts' is not required, skipping update.
[        ] Artifact Instance of 'IOSEngineArtifacts' is not required, skipping update.
[   +1 ms] Artifact Instance of 'FlutterEngineStamp' is not required, skipping update.
[   +5 ms] Artifact Instance of 'MacOSEngineArtifacts' is not required, skipping update.
[        ] Artifact Instance of 'LinuxEngineArtifacts' is not required, skipping update.
[        ] Artifact Instance of 'LinuxFuchsiaSDKArtifacts' is not required, skipping update.
[        ] Artifact Instance of 'MacOSFuchsiaSDKArtifacts' is not required, skipping update.
[        ] Artifact Instance of 'FlutterRunnerSDKArtifacts' is not required, skipping update.
[        ] Artifact Instance of 'FlutterRunnerDebugSymbols' is not required, skipping update.
[ +150 ms] Skipping pub get: version match.
[ +228 ms] Found plugin workmanager at C:\Users\Enock Mumo\AppData\Local\Pub\Cache\hosted\pub.dev\workmanager-0.6.0\
[   +8 ms] Found plugin url_launcher at C:\Users\Enock Mumo\AppData\Local\Pub\Cache\hosted\pub.dev\url_launcher-6.3.2\
[   +2 ms] Found plugin url_launcher_windows at C:\Users\Enock Mumo\AppData\Local\Pub\Cache\hosted\pub.dev\url_launcher_windows-3.1.5\
[   +5 ms] Found plugin url_launcher_web at C:\Users\Enock Mumo\AppData\Local\Pub\Cache\hosted\pub.dev\url_launcher_web-2.4.1\
[   +4 ms] Found plugin url_launcher_macos at C:\Users\Enock Mumo\AppData\Local\Pub\Cache\hosted\pub.dev\url_launcher_macos-3.2.5\
[   +3 ms] Found plugin url_launcher_linux at C:\Users\Enock Mumo\AppData\Local\Pub\Cache\hosted\pub.dev\url_launcher_linux-3.2.2\
[   +3 ms] Found plugin url_launcher_ios at C:\Users\Enock Mumo\AppData\Local\Pub\Cache\hosted\pub.dev\url_launcher_ios-6.3.6\
[   +2 ms] Found plugin url_launcher_android at C:\Users\Enock Mumo\AppData\Local\Pub\Cache\hosted\pub.dev\url_launcher_android-6.3.28\
[  +30 ms] Found plugin shared_preferences at C:\Users\Enock Mumo\AppData\Local\Pub\Cache\hosted\pub.dev\shared_preferences-2.5.4\
[   +2 ms] Found plugin shared_preferences_windows at C:\Users\Enock Mumo\AppData\Local\Pub\Cache\hosted\pub.dev\shared_preferences_windows-2.4.1\
[   +3 ms] Found plugin path_provider_windows at C:\Users\Enock Mumo\AppData\Local\Pub\Cache\hosted\pub.dev\path_provider_windows-2.3.0\
[   +7 ms] Found plugin shared_preferences_web at C:\Users\Enock Mumo\AppData\Local\Pub\Cache\hosted\pub.dev\shared_preferences_web-2.4.3\
[   +2 ms] Found plugin shared_preferences_linux at C:\Users\Enock Mumo\AppData\Local\Pub\Cache\hosted\pub.dev\shared_preferences_linux-2.4.1\
[   +2 ms] Found plugin path_provider_linux at C:\Users\Enock Mumo\AppData\Local\Pub\Cache\hosted\pub.dev\path_provider_linux-2.2.1\
[   +3 ms] Found plugin shared_preferences_foundation at C:\Users\Enock Mumo\AppData\Local\Pub\Cache\hosted\pub.dev\shared_preferences_foundation-2.5.6\
[   +4 ms] Found plugin shared_preferences_android at C:\Users\Enock Mumo\AppData\Local\Pub\Cache\hosted\pub.dev\shared_preferences_android-2.4.20\
[   +3 ms] Found plugin path_provider at C:\Users\Enock Mumo\AppData\Local\Pub\Cache\hosted\pub.dev\path_provider-2.1.5\
[   +3 ms] Found plugin path_provider_foundation at C:\Users\Enock Mumo\AppData\Local\Pub\Cache\hosted\pub.dev\path_provider_foundation-2.5.1\
[   +2 ms] Found plugin path_provider_android at C:\Users\Enock Mumo\AppData\Local\Pub\Cache\hosted\pub.dev\path_provider_android-2.2.22\
[   +2 ms] Found plugin app_links at C:\Users\Enock Mumo\AppData\Local\Pub\Cache\hosted\pub.dev\app_links-6.4.1\
[   +2 ms] Found plugin app_links_web at C:\Users\Enock Mumo\AppData\Local\Pub\Cache\hosted\pub.dev\app_links_web-1.0.4\
[   +4 ms] Found plugin app_links_linux at C:\Users\Enock Mumo\AppData\Local\Pub\Cache\hosted\pub.dev\app_links_linux-1.0.3\
[   +2 ms] Found plugin gtk at C:\Users\Enock Mumo\AppData\Local\Pub\Cache\hosted\pub.dev\gtk-2.1.0\
[   +2 ms] Found plugin permission_handler at C:\Users\Enock Mumo\AppData\Local\Pub\Cache\hosted\pub.dev\permission_handler-11.4.0\
[   +2 ms] Found plugin permission_handler_windows at C:\Users\Enock Mumo\AppData\Local\Pub\Cache\hosted\pub.dev\permission_handler_windows-0.2.1\
[   +4 ms] Found plugin permission_handler_html at C:\Users\Enock Mumo\AppData\Local\Pub\Cache\hosted\pub.dev\permission_handler_html-0.1.3+5\
[   +2 ms] Found plugin permission_handler_apple at C:\Users\Enock Mumo\AppData\Local\Pub\Cache\hosted\pub.dev\permission_handler_apple-9.4.7\
[   +2 ms] Found plugin permission_handler_android at C:\Users\Enock Mumo\AppData\Local\Pub\Cache\hosted\pub.dev\permission_handler_android-12.1.0\
[   +8 ms] Found plugin flutter_secure_storage at C:\Users\Enock Mumo\AppData\Local\Pub\Cache\hosted\pub.dev\flutter_secure_storage-9.2.4\
[   +1 ms] Found plugin flutter_secure_storage_windows at C:\Users\Enock Mumo\AppData\Local\Pub\Cache\hosted\pub.dev\flutter_secure_storage_windows-3.1.2\
[   +8 ms] Found plugin flutter_secure_storage_web at C:\Users\Enock Mumo\AppData\Local\Pub\Cache\hosted\pub.dev\flutter_secure_storage_web-1.2.1\
[   +2 ms] Found plugin flutter_secure_storage_macos at C:\Users\Enock Mumo\AppData\Local\Pub\Cache\hosted\pub.dev\flutter_secure_storage_macos-3.1.3\
[   +1 ms] Found plugin flutter_secure_storage_linux at C:\Users\Enock Mumo\AppData\Local\Pub\Cache\hosted\pub.dev\flutter_secure_storage_linux-1.2.3\
[  +13 ms] Found plugin device_info_plus at C:\Users\Enock Mumo\AppData\Local\Pub\Cache\hosted\pub.dev\device_info_plus-10.1.2\
[ +162 ms] Found plugin workmanager at C:\Users\Enock Mumo\AppData\Local\Pub\Cache\hosted\pub.dev\workmanager-0.6.0\
[   +3 ms] Found plugin url_launcher at C:\Users\Enock Mumo\AppData\Local\Pub\Cache\hosted\pub.dev\url_launcher-6.3.2\
[   +1 ms] Found plugin url_launcher_windows at C:\Users\Enock Mumo\AppData\Local\Pub\Cache\hosted\pub.dev\url_launcher_windows-3.1.5\
[   +5 ms] Found plugin url_launcher_web at C:\Users\Enock Mumo\AppData\Local\Pub\Cache\hosted\pub.dev\url_launcher_web-2.4.1\
[   +2 ms] Found plugin url_launcher_macos at C:\Users\Enock Mumo\AppData\Local\Pub\Cache\hosted\pub.dev\url_launcher_macos-3.2.5\
[   +1 ms] Found plugin url_launcher_linux at C:\Users\Enock Mumo\AppData\Local\Pub\Cache\hosted\pub.dev\url_launcher_linux-3.2.2\
[   +1 ms] Found plugin url_launcher_ios at C:\Users\Enock Mumo\AppData\Local\Pub\Cache\hosted\pub.dev\url_launcher_ios-6.3.6\
[   +1 ms] Found plugin url_launcher_android at C:\Users\Enock Mumo\AppData\Local\Pub\Cache\hosted\pub.dev\url_launcher_android-6.3.28\
[  +20 ms] Found plugin shared_preferences at C:\Users\Enock Mumo\AppData\Local\Pub\Cache\hosted\pub.dev\shared_preferences-2.5.4\
[   +1 ms] Found plugin shared_preferences_windows at C:\Users\Enock Mumo\AppData\Local\Pub\Cache\hosted\pub.dev\shared_preferences_windows-2.4.1\
[   +3 ms] Found plugin path_provider_windows at C:\Users\Enock Mumo\AppData\Local\Pub\Cache\hosted\pub.dev\path_provider_windows-2.3.0\
[   +5 ms] Found plugin shared_preferences_web at C:\Users\Enock Mumo\AppData\Local\Pub\Cache\hosted\pub.dev\shared_preferences_web-2.4.3\
[   +1 ms] Found plugin shared_preferences_linux at C:\Users\Enock Mumo\AppData\Local\Pub\Cache\hosted\pub.dev\shared_preferences_linux-2.4.1\
[   +1 ms] Found plugin path_provider_linux at C:\Users\Enock Mumo\AppData\Local\Pub\Cache\hosted\pub.dev\path_provider_linux-2.2.1\
[   +3 ms] Found plugin shared_preferences_foundation at C:\Users\Enock Mumo\AppData\Local\Pub\Cache\hosted\pub.dev\shared_preferences_foundation-2.5.6\
[   +1 ms] Found plugin shared_preferences_android at C:\Users\Enock Mumo\AppData\Local\Pub\Cache\hosted\pub.dev\shared_preferences_android-2.4.20\
[   +1 ms] Found plugin path_provider at C:\Users\Enock Mumo\AppData\Local\Pub\Cache\hosted\pub.dev\path_provider-2.1.5\
[   +1 ms] Found plugin path_provider_foundation at C:\Users\Enock Mumo\AppData\Local\Pub\Cache\hosted\pub.dev\path_provider_foundation-2.5.1\
[   +1 ms] Found plugin path_provider_android at C:\Users\Enock Mumo\AppData\Local\Pub\Cache\hosted\pub.dev\path_provider_android-2.2.22\
[   +1 ms] Found plugin app_links at C:\Users\Enock Mumo\AppData\Local\Pub\Cache\hosted\pub.dev\app_links-6.4.1\
[   +1 ms] Found plugin app_links_web at C:\Users\Enock Mumo\AppData\Local\Pub\Cache\hosted\pub.dev\app_links_web-1.0.4\
[   +2 ms] Found plugin app_links_linux at C:\Users\Enock Mumo\AppData\Local\Pub\Cache\hosted\pub.dev\app_links_linux-1.0.3\
[   +1 ms] Found plugin gtk at C:\Users\Enock Mumo\AppData\Local\Pub\Cache\hosted\pub.dev\gtk-2.1.0\
[   +2 ms] Found plugin permission_handler at C:\Users\Enock Mumo\AppData\Local\Pub\Cache\hosted\pub.dev\permission_handler-11.4.0\
[   +2 ms] Found plugin permission_handler_windows at C:\Users\Enock Mumo\AppData\Local\Pub\Cache\hosted\pub.dev\permission_handler_windows-0.2.1\
[   +4 ms] Found plugin permission_handler_html at C:\Users\Enock Mumo\AppData\Local\Pub\Cache\hosted\pub.dev\permission_handler_html-0.1.3+5\
[   +1 ms] Found plugin permission_handler_apple at C:\Users\Enock Mumo\AppData\Local\Pub\Cache\hosted\pub.dev\permission_handler_apple-9.4.7\
[   +1 ms] Found plugin permission_handler_android at C:\Users\Enock Mumo\AppData\Local\Pub\Cache\hosted\pub.dev\permission_handler_android-12.1.0\
[   +5 ms] Found plugin flutter_secure_storage at C:\Users\Enock Mumo\AppData\Local\Pub\Cache\hosted\pub.dev\flutter_secure_storage-9.2.4\
[   +2 ms] Found plugin flutter_secure_storage_windows at C:\Users\Enock Mumo\AppData\Local\Pub\Cache\hosted\pub.dev\flutter_secure_storage_windows-3.1.2\
[   +4 ms] Found plugin flutter_secure_storage_web at C:\Users\Enock Mumo\AppData\Local\Pub\Cache\hosted\pub.dev\flutter_secure_storage_web-1.2.1\
[   +1 ms] Found plugin flutter_secure_storage_macos at C:\Users\Enock Mumo\AppData\Local\Pub\Cache\hosted\pub.dev\flutter_secure_storage_macos-3.1.3\
[   +1 ms] Found plugin flutter_secure_storage_linux at C:\Users\Enock Mumo\AppData\Local\Pub\Cache\hosted\pub.dev\flutter_secure_storage_linux-1.2.3\
[   +7 ms] Found plugin device_info_plus at C:\Users\Enock Mumo\AppData\Local\Pub\Cache\hosted\pub.dev\device_info_plus-10.1.2\
[  +17 ms] Skipping generating web_plugin_registrant.dart because it is up-to-date.
[ +113 ms] Found plugin workmanager at C:\Users\Enock Mumo\AppData\Local\Pub\Cache\hosted\pub.dev\workmanager-0.6.0\
[   +2 ms] Found plugin url_launcher at C:\Users\Enock Mumo\AppData\Local\Pub\Cache\hosted\pub.dev\url_launcher-6.3.2\
[   +1 ms] Found plugin url_launcher_windows at C:\Users\Enock Mumo\AppData\Local\Pub\Cache\hosted\pub.dev\url_launcher_windows-3.1.5\
[   +4 ms] Found plugin url_launcher_web at C:\Users\Enock Mumo\AppData\Local\Pub\Cache\hosted\pub.dev\url_launcher_web-2.4.1\
[   +2 ms] Found plugin url_launcher_macos at C:\Users\Enock Mumo\AppData\Local\Pub\Cache\hosted\pub.dev\url_launcher_macos-3.2.5\
[   +1 ms] Found plugin url_launcher_linux at C:\Users\Enock Mumo\AppData\Local\Pub\Cache\hosted\pub.dev\url_launcher_linux-3.2.2\
[   +1 ms] Found plugin url_launcher_ios at C:\Users\Enock Mumo\AppData\Local\Pub\Cache\hosted\pub.dev\url_launcher_ios-6.3.6\
[   +1 ms] Found plugin url_launcher_android at C:\Users\Enock Mumo\AppData\Local\Pub\Cache\hosted\pub.dev\url_launcher_android-6.3.28\
[  +25 ms] Found plugin shared_preferences at C:\Users\Enock Mumo\AppData\Local\Pub\Cache\hosted\pub.dev\shared_preferences-2.5.4\
[   +1 ms] Found plugin shared_preferences_windows at C:\Users\Enock Mumo\AppData\Local\Pub\Cache\hosted\pub.dev\shared_preferences_windows-2.4.1\
[   +3 ms] Found plugin path_provider_windows at C:\Users\Enock Mumo\AppData\Local\Pub\Cache\hosted\pub.dev\path_provider_windows-2.3.0\
[   +5 ms] Found plugin shared_preferences_web at C:\Users\Enock Mumo\AppData\Local\Pub\Cache\hosted\pub.dev\shared_preferences_web-2.4.3\
[   +1 ms] Found plugin shared_preferences_linux at C:\Users\Enock Mumo\AppData\Local\Pub\Cache\hosted\pub.dev\shared_preferences_linux-2.4.1\
[   +1 ms] Found plugin path_provider_linux at C:\Users\Enock Mumo\AppData\Local\Pub\Cache\hosted\pub.dev\path_provider_linux-2.2.1\
[   +2 ms] Found plugin shared_preferences_foundation at C:\Users\Enock Mumo\AppData\Local\Pub\Cache\hosted\pub.dev\shared_preferences_foundation-2.5.6\
[   +1 ms] Found plugin shared_preferences_android at C:\Users\Enock Mumo\AppData\Local\Pub\Cache\hosted\pub.dev\shared_preferences_android-2.4.20\
[   +1 ms] Found plugin path_provider at C:\Users\Enock Mumo\AppData\Local\Pub\Cache\hosted\pub.dev\path_provider-2.1.5\
[   +2 ms] Found plugin path_provider_foundation at C:\Users\Enock Mumo\AppData\Local\Pub\Cache\hosted\pub.dev\path_provider_foundation-2.5.1\
[   +1 ms] Found plugin path_provider_android at C:\Users\Enock Mumo\AppData\Local\Pub\Cache\hosted\pub.dev\path_provider_android-2.2.22\
[   +1 ms] Found plugin app_links at C:\Users\Enock Mumo\AppData\Local\Pub\Cache\hosted\pub.dev\app_links-6.4.1\
[   +1 ms] Found plugin app_links_web at C:\Users\Enock Mumo\AppData\Local\Pub\Cache\hosted\pub.dev\app_links_web-1.0.4\
[   +2 ms] Found plugin app_links_linux at C:\Users\Enock Mumo\AppData\Local\Pub\Cache\hosted\pub.dev\app_links_linux-1.0.3\
[   +1 ms] Found plugin gtk at C:\Users\Enock Mumo\AppData\Local\Pub\Cache\hosted\pub.dev\gtk-2.1.0\
[   +1 ms] Found plugin permission_handler at C:\Users\Enock Mumo\AppData\Local\Pub\Cache\hosted\pub.dev\permission_handler-11.4.0\
[   +1 ms] Found plugin permission_handler_windows at C:\Users\Enock Mumo\AppData\Local\Pub\Cache\hosted\pub.dev\permission_handler_windows-0.2.1\
[   +2 ms] Found plugin permission_handler_html at C:\Users\Enock Mumo\AppData\Local\Pub\Cache\hosted\pub.dev\permission_handler_html-0.1.3+5\
[   +1 ms] Found plugin permission_handler_apple at C:\Users\Enock Mumo\AppData\Local\Pub\Cache\hosted\pub.dev\permission_handler_apple-9.4.7\
[   +1 ms] Found plugin permission_handler_android at C:\Users\Enock Mumo\AppData\Local\Pub\Cache\hosted\pub.dev\permission_handler_android-12.1.0\
[   +5 ms] Found plugin flutter_secure_storage at C:\Users\Enock Mumo\AppData\Local\Pub\Cache\hosted\pub.dev\flutter_secure_storage-9.2.4\
[   +1 ms] Found plugin flutter_secure_storage_windows at C:\Users\Enock Mumo\AppData\Local\Pub\Cache\hosted\pub.dev\flutter_secure_storage_windows-3.1.2\
[   +3 ms] Found plugin flutter_secure_storage_web at C:\Users\Enock Mumo\AppData\Local\Pub\Cache\hosted\pub.dev\flutter_secure_storage_web-1.2.1\
[   +1 ms] Found plugin flutter_secure_storage_macos at C:\Users\Enock Mumo\AppData\Local\Pub\Cache\hosted\pub.dev\flutter_secure_storage_macos-3.1.3\
[   +1 ms] Found plugin flutter_secure_storage_linux at C:\Users\Enock Mumo\AppData\Local\Pub\Cache\hosted\pub.dev\flutter_secure_storage_linux-1.2.3\
[   +8 ms] Found plugin device_info_plus at C:\Users\Enock Mumo\AppData\Local\Pub\Cache\hosted\pub.dev\device_info_plus-10.1.2\
[  +14 ms] Generating C:\Users\Enock Mumo\Desktop\iano\permission_manager_pro\android\app\src\main\java\io\flutter\plugins\GeneratedPluginRegistrant.java
[   +2 ms] Skipping generating GeneratedPluginRegistrant.java because it is up-to-date.
[   +7 ms] Skipping generating generated_plugin_registrant.h because it is up-to-date.
[   +2 ms] Skipping generating generated_plugin_registrant.cc because it is up-to-date.
[   +2 ms] Skipping generating generated_plugins.cmake because it is up-to-date.
[   +3 ms] Skipping generating generated_plugin_registrant.h because it is up-to-date.
[   +2 ms] Skipping generating generated_plugin_registrant.cc because it is up-to-date.
[   +2 ms] Skipping generating generated_plugins.cmake because it is up-to-date.
[   +4 ms] Skipping generating GeneratedPluginRegistrant.h because it is up-to-date.
[   +2 ms] Skipping generating GeneratedPluginRegistrant.m because it is up-to-date.
[   +3 ms] Skipping generating GeneratedPluginRegistrant.swift because it is up-to-date.
[  +60 ms] ro.hardware = mt6768
[        ] ro.build.characteristics = nosdcard
[  +79 ms] Initializing file store
[  +13 ms] Skipping target: gen_localizations
[   +4 ms] gen_dart_plugin_registrant: Starting due to {InvalidatedReasonKind.inputChanged: The following inputs have updated contents: C:\Users\Enock Mumo\Desktop\iano\permission_manager_pro\.dart_tool\package_config.json,C:\Users\Enock Mumo\Desktop\iano\permission_manager_pro\.dart_tool\flutter_build\dart_plugin_registrant.dart}
[ +149 ms] Found plugin workmanager at C:\Users\Enock Mumo\AppData\Local\Pub\Cache\hosted\pub.dev\workmanager-0.6.0\
[   +4 ms] Found plugin url_launcher at C:\Users\Enock Mumo\AppData\Local\Pub\Cache\hosted\pub.dev\url_launcher-6.3.2\
[   +2 ms] Found plugin url_launcher_windows at C:\Users\Enock Mumo\AppData\Local\Pub\Cache\hosted\pub.dev\url_launcher_windows-3.1.5\
[   +3 ms] Found plugin url_launcher_web at C:\Users\Enock Mumo\AppData\Local\Pub\Cache\hosted\pub.dev\url_launcher_web-2.4.1\
[   +2 ms] Found plugin url_launcher_macos at C:\Users\Enock Mumo\AppData\Local\Pub\Cache\hosted\pub.dev\url_launcher_macos-3.2.5\
[   +1 ms] Found plugin url_launcher_linux at C:\Users\Enock Mumo\AppData\Local\Pub\Cache\hosted\pub.dev\url_launcher_linux-3.2.2\
[   +1 ms] Found plugin url_launcher_ios at C:\Users\Enock Mumo\AppData\Local\Pub\Cache\hosted\pub.dev\url_launcher_ios-6.3.6\
[   +1 ms] Found plugin url_launcher_android at C:\Users\Enock Mumo\AppData\Local\Pub\Cache\hosted\pub.dev\url_launcher_android-6.3.28\
[  +17 ms] Found plugin shared_preferences at C:\Users\Enock Mumo\AppData\Local\Pub\Cache\hosted\pub.dev\shared_preferences-2.5.4\
[   +1 ms] Found plugin shared_preferences_windows at C:\Users\Enock Mumo\AppData\Local\Pub\Cache\hosted\pub.dev\shared_preferences_windows-2.4.1\
[   +2 ms] Found plugin path_provider_windows at C:\Users\Enock Mumo\AppData\Local\Pub\Cache\hosted\pub.dev\path_provider_windows-2.3.0\
[   +5 ms] Found plugin shared_preferences_web at C:\Users\Enock Mumo\AppData\Local\Pub\Cache\hosted\pub.dev\shared_preferences_web-2.4.3\
[   +1 ms] Found plugin shared_preferences_linux at C:\Users\Enock Mumo\AppData\Local\Pub\Cache\hosted\pub.dev\shared_preferences_linux-2.4.1\
[   +1 ms] Found plugin path_provider_linux at C:\Users\Enock Mumo\AppData\Local\Pub\Cache\hosted\pub.dev\path_provider_linux-2.2.1\
[   +2 ms] Found plugin shared_preferences_foundation at C:\Users\Enock Mumo\AppData\Local\Pub\Cache\hosted\pub.dev\shared_preferences_foundation-2.5.6\
[   +2 ms] Found plugin shared_preferences_android at C:\Users\Enock Mumo\AppData\Local\Pub\Cache\hosted\pub.dev\shared_preferences_android-2.4.20\
[   +1 ms] Found plugin path_provider at C:\Users\Enock Mumo\AppData\Local\Pub\Cache\hosted\pub.dev\path_provider-2.1.5\
[   +1 ms] Found plugin path_provider_foundation at C:\Users\Enock Mumo\AppData\Local\Pub\Cache\hosted\pub.dev\path_provider_foundation-2.5.1\
[   +1 ms] Found plugin path_provider_android at C:\Users\Enock Mumo\AppData\Local\Pub\Cache\hosted\pub.dev\path_provider_android-2.2.22\
[   +1 ms] Found plugin app_links at C:\Users\Enock Mumo\AppData\Local\Pub\Cache\hosted\pub.dev\app_links-6.4.1\
[   +1 ms] Found plugin app_links_web at C:\Users\Enock Mumo\AppData\Local\Pub\Cache\hosted\pub.dev\app_links_web-1.0.4\
[   +2 ms] Found plugin app_links_linux at C:\Users\Enock Mumo\AppData\Local\Pub\Cache\hosted\pub.dev\app_links_linux-1.0.3\
[   +1 ms] Found plugin gtk at C:\Users\Enock Mumo\AppData\Local\Pub\Cache\hosted\pub.dev\gtk-2.1.0\
[   +1 ms] Found plugin permission_handler at C:\Users\Enock Mumo\AppData\Local\Pub\Cache\hosted\pub.dev\permission_handler-11.4.0\
[   +1 ms] Found plugin permission_handler_windows at C:\Users\Enock Mumo\AppData\Local\Pub\Cache\hosted\pub.dev\permission_handler_windows-0.2.1\
[   +2 ms] Found plugin permission_handler_html at C:\Users\Enock Mumo\AppData\Local\Pub\Cache\hosted\pub.dev\permission_handler_html-0.1.3+5\
[   +1 ms] Found plugin permission_handler_apple at C:\Users\Enock Mumo\AppData\Local\Pub\Cache\hosted\pub.dev\permission_handler_apple-9.4.7\
[   +1 ms] Found plugin permission_handler_android at C:\Users\Enock Mumo\AppData\Local\Pub\Cache\hosted\pub.dev\permission_handler_android-12.1.0\
[   +5 ms] Found plugin flutter_secure_storage at C:\Users\Enock Mumo\AppData\Local\Pub\Cache\hosted\pub.dev\flutter_secure_storage-9.2.4\
[   +1 ms] Found plugin flutter_secure_storage_windows at C:\Users\Enock Mumo\AppData\Local\Pub\Cache\hosted\pub.dev\flutter_secure_storage_windows-3.1.2\
[   +3 ms] Found plugin flutter_secure_storage_web at C:\Users\Enock Mumo\AppData\Local\Pub\Cache\hosted\pub.dev\flutter_secure_storage_web-1.2.1\
[   +1 ms] Found plugin flutter_secure_storage_macos at C:\Users\Enock Mumo\AppData\Local\Pub\Cache\hosted\pub.dev\flutter_secure_storage_macos-3.1.3\
[   +1 ms] Found plugin flutter_secure_storage_linux at C:\Users\Enock Mumo\AppData\Local\Pub\Cache\hosted\pub.dev\flutter_secure_storage_linux-1.2.3\
[   +7 ms] Found plugin device_info_plus at C:\Users\Enock Mumo\AppData\Local\Pub\Cache\hosted\pub.dev\device_info_plus-10.1.2\
[  +10 ms] Skipping generating dart_plugin_registrant.dart because it is up-to-date.
[        ] gen_dart_plugin_registrant: Complete
[   +3 ms] Skipping target: _composite
[   +2 ms] complete
[   +5 ms] Launching lib\main.dart on 23106RN0DA in debug mode...
[   +4 ms] C:\flutter\bin\cache\dart-sdk\bin\dartaotruntime.exe C:\flutter\bin\cache\dart-sdk\bin\snapshots\frontend_server_aot.dart.snapshot --sdk-root C:\flutter\bin\cache\artifacts\engine\common\flutter_patched_sdk/ --incremental --target=flutter --experimental-emit-debug-metadata -DFLUTTER_VERSION=3.35.2 -DFLUTTER_CHANNEL=stable -DFLUTTER_GIT_URL=https://github.com/flutter/flutter.git -DFLUTTER_FRAMEWORK_REVISION=05db968908 -DFLUTTER_ENGINE_REVISION=a8bfdfc394 -DFLUTTER_DART_VERSION=3.9.0 --output-dill C:\Users\ENOCKM~1\AppData\Local\Temp\flutter_tools.891cce01\flutter_tool.4400e051\app.dill --packages C:\Users\Enock Mumo\Desktop\iano\permission_manager_pro\.dart_tool\package_config.json -Ddart.vm.profile=false -Ddart.vm.product=false --enable-asserts --track-widget-creation --filesystem-scheme org-dartlang-root --initialize-from-dill build\7b274049f380fd19360a9716927098ae.cache.dill.track.dill --source file:///C:/Users/Enock%20Mumo/Desktop/iano/permission_manager_pro/.dart_tool/flutter_build/dart_plugin_registrant.dart --source package:flutter/src/dart_plugin_registrant.dart -Dflutter.dart_plugin_registrant=file:///C:/Users/Enock%20Mumo/Desktop/iano/permission_manager_pro/.dart_tool/flutter_build/dart_plugin_registrant.dart --verbosity=error --enable-experiment=alternative-invalidation-strategy
[  +24 ms] executing: C:\Users\Enock Mumo\AppData\Local\Android\sdk\platform-tools\adb.exe -s LRVWEQ8XJZ89WK4H shell -x logcat -v time -t 1
[  +29 ms] <- compile package:permission_manager_pro/main.dart
[ +653 ms] --------- beginning of main
           02-17 18:39:55.786 W/AudioFlinger(  868): Dolby Effect is NULL
[  +24 ms] executing: C:\Users\Enock Mumo\AppData\Local\Android\sdk\platform-tools\adb.exe version
[  +83 ms] Android Debug Bridge version 1.0.41
           Version 36.0.0-13206524
           Installed as C:\Users\Enock Mumo\AppData\Local\Android\sdk\platform-tools\adb.exe
           Running on Windows 10.0.26200
[   +2 ms] executing: C:\Users\Enock Mumo\AppData\Local\Android\sdk\platform-tools\adb.exe start-server
[  +66 ms] Building APK
[  +32 ms] Top-level Gradle build file not found, skipping migration of task "clean".
[   +1 ms] Android Studio version could not be detected, skipping Gradle-Java version compatibility check.
[  +25 ms] CMake project not found, skipping support Android 15 16k page size migration.
[   +5 ms] Using gradle from C:\Users\Enock Mumo\Desktop\iano\permission_manager_pro\android\gradlew.bat.
[ +140 ms] LocalFile: 'C:\Users\Enock Mumo\Desktop\iano\permission_manager_pro\android\build.gradle.kts' doesn't provide an AGP version. Checking settings.
[  +33 ms] LocalFile: 'C:\Users\Enock Mumo\Desktop\iano\permission_manager_pro\android\settings.gradle.kts' provides AGP version: 8.9.1
[  +34 ms] Running Gradle task 'assembleDebug'...
[   +3 ms] executing: [C:\Users\Enock Mumo\Desktop\iano\permission_manager_pro\android/] C:\Users\Enock Mumo\Desktop\iano\permission_manager_pro\android\gradlew.bat --full-stacktrace --info -Pverbose=true -Ptarget-platform=android-arm64 -Ptarget=C:\Users\Enock Mumo\Desktop\iano\permission_manager_pro\lib\main.dart -Pbase-application-name=android.app.Application -Pdart-defines=RkxVVFRFUl9WRVJTSU9OPTMuMzUuMg==,RkxVVFRFUl9DSEFOTkVMPXN0YWJsZQ==,RkxVVFRFUl9HSVRfVVJMPWh0dHBzOi8vZ2l0aHViLmNvbS9mbHV0dGVyL2ZsdXR0ZXIuZ2l0,RkxVVFRFUl9GUkFNRVdPUktfUkVWSVNJT049MDVkYjk2ODkwOA==,RkxVVFRFUl9FTkdJTkVfUkVWSVNJT049YThiZmRmYzM5NA==,RkxVVFRFUl9EQVJUX1ZFUlNJT049My45LjA= -Pdart-obfuscation=false -Ptrack-widget-creation=true -Ptree-shake-icons=false -Pfilesystem-scheme=org-dartlang-root assembleDebug
[+1941 ms] Initialized native services in: C:\Users\Enock Mumo\.gradle\native
[  +12 ms] Initialized jansi services in: C:\Users\Enock Mumo\.gradle\native
[+1534 ms] The client will now receive all logging from the daemon (pid: 21680). The daemon log file: C:\Users\Enock Mumo\.gradle\daemon\8.12\daemon-21680.out.log
[   +1 ms] Starting 3rd build in daemon [uptime: 5 mins 30.438 secs, performance: 100%, GC rate: 0.00/s, heap usage: 0% of 8 GiB, non-heap usage: 4% of 4 GiB]
[        ] Using 8 worker leases.
[        ] Now considering [C:\Users\Enock Mumo\Desktop\iano\permission_manager_pro\android, C:\flutter\packages\flutter_tools\gradle] as hierarchies to watch
[        ] Watching the file system is configured to be enabled if available
[        ] File system watching is active
[   +1 ms] Starting Build
[  +88 ms] Now considering [C:\flutter\packages\flutter_tools\gradle, C:\Users\Enock Mumo\Desktop\iano\permission_manager_pro\android] as hierarchies to watch
[ +431 ms] > Configure project :gradle
[   +1 ms] Evaluating project ':gradle' using build file 'C:\flutter\packages\flutter_tools\gradle\build.gradle.kts'.
[        ] Resolved plugin [id: 'org.gradle.java-gradle-plugin']
[        ] Resolved plugin [id: 'org.gradle.groovy']
[   +1 ms] Resolved plugin [id: 'org.gradle.kotlin.kotlin-dsl', version: '5.1.2']
[   +6 ms] Resolved plugin [id: 'org.jetbrains.kotlin.jvm', version: '1.9.20']
[   +2 ms] Using Kotlin Gradle Plugin gradle85 variant
[   +2 ms] kotlin scripting plugin: created the scripting discovery configuration: kotlinScriptDef
[   +2 ms] kotlin scripting plugin: created the scripting discovery configuration: testKotlinScriptDef
[   +2 ms] file or directory 'C:\flutter\packages\flutter_tools\gradle\src\main\java', not found
[   +2 ms] Resolved plugin [id: 'dev.flutter.flutter-plugin-loader', version: '1.0.0']
[   +1 ms] Resolved plugin [id: 'com.android.application', version: '8.9.1', apply: false]
[   +1 ms] Resolved plugin [id: 'org.jetbrains.kotlin.android', version: '2.1.0', apply: false]
[  +51 ms] Resolve mutations for :gradle:checkKotlinGradlePluginConfigurationErrors (Thread[included builds,5,main]) started.
[        ] :gradle:checkKotlinGradlePluginConfigurationErrors (Thread[included builds,5,main]) started.
[        ] > Task :gradle:checkKotlinGradlePluginConfigurationErrors SKIPPED
[        ] Skipping task ':gradle:checkKotlinGradlePluginConfigurationErrors' as task onlyIf 'errorDiagnostics are present' is false.
[   +1 ms] Resolve mutations for :gradle:compileKotlin (Thread[Execution worker Thread 4,5,main]) started.
[   +1 ms] :gradle:compileKotlin (Thread[included builds,5,main]) started.
[ +192 ms] > Task :gradle:compileKotlin UP-TO-DATE
[   +1 ms] Caching disabled for task ':gradle:compileKotlin' because:
[   +1 ms]   Build cache is disabled
[        ] Skipping task ':gradle:compileKotlin' as it is up-to-date.
[        ] Resolve mutations for :gradle:compileJava (Thread[included builds,5,main]) started.
[        ] :gradle:compileJava (Thread[included builds,5,main]) started.
[   +1 ms] > Task :gradle:compileJava NO-SOURCE
[   +1 ms] Skipping task ':gradle:compileJava' as it has no source files and no previous output files.
[        ] Resolve mutations for :gradle:compileGroovy (Thread[included builds,5,main]) started.
[        ] :gradle:compileGroovy (Thread[included builds,5,main]) started.
[        ] > Task :gradle:compileGroovy NO-SOURCE
[        ] Skipping task ':gradle:compileGroovy' as it has no source files and no previous output files.
[        ] Resolve mutations for :gradle:pluginDescriptors (Thread[included builds,5,main]) started.
[        ] :gradle:pluginDescriptors (Thread[included builds,5,main]) started.
[        ] > Task :gradle:pluginDescriptors UP-TO-DATE
[        ] Caching disabled for task ':gradle:pluginDescriptors' because:
[        ]   Build cache is disabled
[        ]   Not worth caching
[        ] Skipping task ':gradle:pluginDescriptors' as it is up-to-date.
[        ] Resolve mutations for :gradle:processResources (Thread[included builds,5,main]) started.
[   +1 ms] :gradle:processResources (Thread[included builds,5,main]) started.
[   +1 ms] > Task :gradle:processResources UP-TO-DATE
[        ] Caching disabled for task ':gradle:processResources' because:
[        ]   Build cache is disabled
[        ]   Not worth caching
[        ] Skipping task ':gradle:processResources' as it is up-to-date.
[        ] Resolve mutations for :gradle:classes (Thread[Execution worker Thread 2,5,main]) started.
[        ] :gradle:classes (Thread[Execution worker Thread 2,5,main]) started.
[   +2 ms] > Task :gradle:classes UP-TO-DATE
[        ] Skipping task ':gradle:classes' as it has no actions.
[        ] Resolve mutations for :gradle:jar (Thread[Execution worker Thread 2,5,main]) started.
[   +1 ms] :gradle:jar (Thread[Execution worker Thread 2,5,main]) started.
[   +1 ms] > Task :gradle:jar UP-TO-DATE
[        ] Caching disabled for task ':gradle:jar' because:
[   +1 ms]   Build cache is disabled
[   +1 ms]   Not worth caching
[   +1 ms] Skipping task ':gradle:jar' as it is up-to-date.
[ +459 ms] Settings evaluated using settings file 'C:\Users\Enock Mumo\Desktop\iano\permission_manager_pro\android\settings.gradle.kts'.
[   +1 ms] Projects loaded. Root project using build file 'C:\Users\Enock Mumo\Desktop\iano\permission_manager_pro\android\build.gradle.kts'.
[        ] Included projects: [root project 'android', project ':app', project ':app_links', project ':device_info_plus', project ':flutter_secure_storage', project ':path_provider_android', project ':permission_handler_android', project ':shared_preferences_android', project ':url_launcher_android', project ':workmanager']
[ +710 ms] > Configure project :app
[        ] Evaluating project ':app' using build file 'C:\Users\Enock Mumo\Desktop\iano\permission_manager_pro\android\app\build.gradle.kts'.
[        ] Resolved plugin [id: 'com.android.application']
[   +4 ms] Resolved plugin [id: 'kotlin-android']
[   +1 ms] Resolved plugin [id: 'dev.flutter.flutter-gradle-plugin']
[   +1 ms] Using default execution profile
[        ] Using Kotlin Gradle Plugin gradle85 variant
[   +2 ms] C/C++: android.ndkVersion from module build.gradle is [27.0.12077973]
[        ] C/C++: android.ndkPath from module build.gradle is not set
[        ] C/C++: ndk.dir in local.properties is not set
[   +1 ms] C/C++: Not considering ANDROID_NDK_HOME because support was removed after deprecation period.
[        ] C/C++: sdkFolder is C:\Users\Enock Mumo\AppData\Local\Android\sdk
[        ] C/C++: android.ndkVersion from module build.gradle is [27.0.12077973]
[        ] C/C++: android.ndkPath from module build.gradle is not set
[        ] C/C++: ndk.dir in local.properties is not set
[   +1 ms] C/C++: Not considering ANDROID_NDK_HOME because support was removed after deprecation period.
[   +2 ms] C/C++: sdkFolder is C:\Users\Enock Mumo\AppData\Local\Android\sdk
[   +4 ms] C/C++: android.ndkVersion from module build.gradle is [27.0.12077973]
[        ] C/C++: android.ndkPath from module build.gradle is not set
[        ] C/C++: ndk.dir in local.properties is not set
[        ] C/C++: Not considering ANDROID_NDK_HOME because support was removed after deprecation period.
[        ] C/C++: sdkFolder is C:\Users\Enock Mumo\AppData\Local\Android\sdk
[        ] C/C++: android.ndkVersion from module build.gradle is [27.0.12077973]
[        ] C/C++: android.ndkPath from module build.gradle is not set
[        ] C/C++: ndk.dir in local.properties is not set
[        ] C/C++: Not considering ANDROID_NDK_HOME because support was removed after deprecation period.
[   +3 ms] C/C++: sdkFolder is C:\Users\Enock Mumo\AppData\Local\Android\sdk
[        ] C/C++: android.ndkVersion from module build.gradle is [27.0.12077973]
[   +8 ms] C/C++: android.ndkPath from module build.gradle is not set
[   +2 ms] C/C++: ndk.dir in local.properties is not set
[   +1 ms] C/C++: Not considering ANDROID_NDK_HOME because support was removed after deprecation period.
[   +1 ms] C/C++: sdkFolder is C:\Users\Enock Mumo\AppData\Local\Android\sdk
[   +2 ms] C/C++: android.ndkVersion from module build.gradle is [27.0.12077973]
[   +1 ms] C/C++: android.ndkPath from module build.gradle is not set
[   +2 ms] C/C++: ndk.dir in local.properties is not set
[   +2 ms] C/C++: Not considering ANDROID_NDK_HOME because support was removed after deprecation period.
[   +2 ms] C/C++: sdkFolder is C:\Users\Enock Mumo\AppData\Local\Android\sdk
[   +1 ms] C/C++: android.ndkVersion from module build.gradle is [27.0.12077973]
[        ] C/C++: android.ndkPath from module build.gradle is not set
[   +1 ms] C/C++: ndk.dir in local.properties is not set
[        ] C/C++: Not considering ANDROID_NDK_HOME because support was removed after deprecation period.
[        ] C/C++: sdkFolder is C:\Users\Enock Mumo\AppData\Local\Android\sdk
[        ] C/C++: android.ndkVersion from module build.gradle is [27.0.12077973]
[        ] C/C++: android.ndkPath from module build.gradle is not set
[        ] C/C++: ndk.dir in local.properties is not set
[        ] C/C++: Not considering ANDROID_NDK_HOME because support was removed after deprecation period.
[        ] C/C++: sdkFolder is C:\Users\Enock Mumo\AppData\Local\Android\sdk
[        ] C/C++: android.ndkVersion from module build.gradle is [27.0.12077973]
[        ] C/C++: android.ndkPath from module build.gradle is not set
[        ] C/C++: ndk.dir in local.properties is not set
[        ] C/C++: Not considering ANDROID_NDK_HOME because support was removed after deprecation period.
[        ] C/C++: sdkFolder is C:\Users\Enock Mumo\AppData\Local\Android\sdk
[        ] C/C++: android.ndkVersion from module build.gradle is [27.0.12077973]
[        ] C/C++: android.ndkPath from module build.gradle is not set
[        ] C/C++: ndk.dir in local.properties is not set
[        ] C/C++: Not considering ANDROID_NDK_HOME because support was removed after deprecation period.
[        ] C/C++: sdkFolder is C:\Users\Enock Mumo\AppData\Local\Android\sdk
[        ] C/C++: android.ndkVersion from module build.gradle is [27.0.12077973]
[        ] C/C++: android.ndkPath from module build.gradle is not set
[        ] C/C++: ndk.dir in local.properties is not set
[        ] C/C++: Not considering ANDROID_NDK_HOME because support was removed after deprecation period.
[        ] C/C++: sdkFolder is C:\Users\Enock Mumo\AppData\Local\Android\sdk
[        ] C/C++: android.ndkVersion from module build.gradle is [27.0.12077973]
[        ] C/C++: android.ndkPath from module build.gradle is not set
[   +4 ms] C/C++: ndk.dir in local.properties is not set
[        ] C/C++: Not considering ANDROID_NDK_HOME because support was removed after deprecation period.
[        ] C/C++: sdkFolder is C:\Users\Enock Mumo\AppData\Local\Android\sdk
[        ] C/C++: android.ndkVersion from module build.gradle is [27.0.12077973]
[        ] C/C++: android.ndkPath from module build.gradle is not set
[        ] C/C++: ndk.dir in local.properties is not set
[        ] C/C++: Not considering ANDROID_NDK_HOME because support was removed after deprecation period.
[        ] C/C++: sdkFolder is C:\Users\Enock Mumo\AppData\Local\Android\sdk
[        ] C/C++: android.ndkVersion from module build.gradle is [27.0.12077973]
[        ] C/C++: android.ndkPath from module build.gradle is not set
[        ] C/C++: ndk.dir in local.properties is not set
[        ] C/C++: Not considering ANDROID_NDK_HOME because support was removed after deprecation period.
[        ] C/C++: sdkFolder is C:\Users\Enock Mumo\AppData\Local\Android\sdk
[        ] C/C++: android.ndkVersion from module build.gradle is [27.0.12077973]
[        ] C/C++: android.ndkPath from module build.gradle is not set
[        ] C/C++: ndk.dir in local.properties is not set
[        ] C/C++: Not considering ANDROID_NDK_HOME because support was removed after deprecation period.
[        ] C/C++: sdkFolder is C:\Users\Enock Mumo\AppData\Local\Android\sdk
[        ] C/C++: android.ndkVersion from module build.gradle is [27.0.12077973]
[        ] C/C++: android.ndkPath from module build.gradle is not set
[        ] C/C++: ndk.dir in local.properties is not set
[        ] C/C++: Not considering ANDROID_NDK_HOME because support was removed after deprecation period.
[   +3 ms] C/C++: sdkFolder is C:\Users\Enock Mumo\AppData\Local\Android\sdk
[        ] C/C++: android.ndkVersion from module build.gradle is [27.0.12077973]
[        ] C/C++: android.ndkPath from module build.gradle is not set
[        ] C/C++: ndk.dir in local.properties is not set
[        ] C/C++: Not considering ANDROID_NDK_HOME because support was removed after deprecation period.
[        ] C/C++: sdkFolder is C:\Users\Enock Mumo\AppData\Local\Android\sdk
[   +7 ms] C/C++: android.ndkVersion from module build.gradle is [27.0.12077973]
[        ] C/C++: android.ndkPath from module build.gradle is not set
[        ] C/C++: ndk.dir in local.properties is not set
[        ] C/C++: Not considering ANDROID_NDK_HOME because support was removed after deprecation period.
[        ] C/C++: sdkFolder is C:\Users\Enock Mumo\AppData\Local\Android\sdk
[   +2 ms] C/C++: android.ndkVersion from module build.gradle is [27.0.12077973]
[        ] C/C++: android.ndkPath from module build.gradle is not set
[        ] C/C++: ndk.dir in local.properties is not set
[        ] C/C++: Not considering ANDROID_NDK_HOME because support was removed after deprecation period.
[   +1 ms] C/C++: sdkFolder is C:\Users\Enock Mumo\AppData\Local\Android\sdk
[   +1 ms] > Configure project :
[        ] Evaluating root project 'android' using build file 'C:\Users\Enock Mumo\Desktop\iano\permission_manager_pro\android\build.gradle.kts'.
[ +188 ms] > Configure project :app_links
[        ] Evaluating project ':app_links' using build file 'C:\Users\Enock Mumo\AppData\Local\Pub\Cache\hosted\pub.dev\app_links-6.4.1\android\build.gradle'.
[        ] Using default execution profile
[ +494 ms] > Configure project :device_info_plus
[        ] Evaluating project ':device_info_plus' using build file 'C:\Users\Enock Mumo\AppData\Local\Pub\Cache\hosted\pub.dev\device_info_plus-10.1.2\android\build.gradle'.
[        ] Using default execution profile
[        ] Using Kotlin Gradle Plugin gradle85 variant
[ +306 ms] > Configure project :flutter_secure_storage
[        ] Evaluating project ':flutter_secure_storage' using build file 'C:\Users\Enock Mumo\AppData\Local\Pub\Cache\hosted\pub.dev\flutter_secure_storage-9.2.4\android\build.gradle'.
[        ] Using default execution profile
[ +294 ms] > Configure project :path_provider_android
[        ] Evaluating project ':path_provider_android' using build file 'C:\Users\Enock Mumo\AppData\Local\Pub\Cache\hosted\pub.dev\path_provider_android-2.2.22\android\build.gradle'.
[        ] Using default execution profile
[ +404 ms] > Configure project :permission_handler_android
[        ] Evaluating project ':permission_handler_android' using build file 'C:\Users\Enock Mumo\AppData\Local\Pub\Cache\hosted\pub.dev\permission_handler_android-12.1.0\android\build.gradle'.
[        ] Using default execution profile
[ +298 ms] > Configure project :shared_preferences_android
[   +3 ms] Evaluating project ':shared_preferences_android' using build file 'C:\Users\Enock Mumo\AppData\Local\Pub\Cache\hosted\pub.dev\shared_preferences_android-2.4.20\android\build.gradle'.
[   +1 ms] Using default execution profile
[        ] Using Kotlin Gradle Plugin gradle85 variant
[  +83 ms] > Configure project :url_launcher_android
[        ] Evaluating project ':url_launcher_android' using build file 'C:\Users\Enock Mumo\AppData\Local\Pub\Cache\hosted\pub.dev\url_launcher_android-6.3.28\android\build.gradle'.
[        ] Using default execution profile
[ +298 ms] > Configure project :workmanager
[   +2 ms] Evaluating project ':workmanager' using build file 'C:\Users\Enock Mumo\AppData\Local\Pub\Cache\hosted\pub.dev\workmanager-0.6.0\android\build.gradle'.
[   +1 ms] Using default execution profile
[  +18 ms] Using Kotlin Gradle Plugin gradle85 variant
[   +1 ms] All projects evaluated.
[   +1 ms] Task name matched 'assembleDebug'
[   +5 ms] Selected primary task 'assembleDebug' from project :
[  +74 ms] Adding -Xuse-inline-scopes-numbers Kotlin compiler flag for task :app:compileDebugKotlin
[ +703 ms] Tasks to be executed: [task ':app:DebugMinSdkCheck', task ':app:preBuild', task ':app:preDebugBuild', task ':app:mergeDebugNativeDebugMetadata', task ':app:checkKotlinGradlePluginConfigurationErrors', task ':app:compileFlutterBuildDebug', task ':app:packJniLibsflutterBuildDebug', task ':app_links:preBuild', task ':app_links:preDebugBuild', task ':app_links:writeDebugAarMetadata', task ':device_info_plus:preBuild', task ':device_info_plus:preDebugBuild', task ':device_info_plus:writeDebugAarMetadata', task ':flutter_secure_storage:preBuild', task ':flutter_secure_storage:preDebugBuild', task ':flutter_secure_storage:writeDebugAarMetadata', task ':path_provider_android:preBuild', task ':path_provider_android:preDebugBuild', task ':path_provider_android:writeDebugAarMetadata', task ':permission_handler_android:preBuild', task ':permission_handler_android:preDebugBuild', task ':permission_handler_android:writeDebugAarMetadata', task ':shared_preferences_android:preBuild', task ':shared_preferences_android:preDebugBuild', task ':shared_preferences_android:writeDebugAarMetadata', task ':url_launcher_android:preBuild', task ':url_launcher_android:preDebugBuild', task ':url_launcher_android:writeDebugAarMetadata', task ':workmanager:preBuild', task ':workmanager:preDebugBuild', task ':workmanager:writeDebugAarMetadata', task ':app:checkDebugAarMetadata', task ':app:cleanMergeDebugAssets', task ':app:mergeDebugShaders', task ':app:compileDebugShaders', task ':app:generateDebugAssets', task ':app_links:mergeDebugShaders', task ':app_links:compileDebugShaders', task ':app_links:generateDebugAssets', task ':app_links:mergeDebugAssets', task ':device_info_plus:mergeDebugShaders', task ':device_info_plus:compileDebugShaders', task ':device_info_plus:generateDebugAssets', task ':device_info_plus:mergeDebugAssets', task ':flutter_secure_storage:mergeDebugShaders', task ':flutter_secure_storage:compileDebugShaders', task ':flutter_secure_storage:generateDebugAssets', task ':flutter_secure_storage:mergeDebugAssets', task ':path_provider_android:mergeDebugShaders', task ':path_provider_android:compileDebugShaders', task ':path_provider_android:generateDebugAssets', task ':path_provider_android:mergeDebugAssets', task ':permission_handler_android:mergeDebugShaders', task ':permission_handler_android:compileDebugShaders', task ':permission_handler_android:generateDebugAssets', task ':permission_handler_android:mergeDebugAssets', task ':shared_preferences_android:mergeDebugShaders', task ':shared_preferences_android:compileDebugShaders', task ':shared_preferences_android:generateDebugAssets', task ':shared_preferences_android:mergeDebugAssets', task ':url_launcher_android:mergeDebugShaders', task ':url_launcher_android:compileDebugShaders', task ':url_launcher_android:generateDebugAssets', task ':url_launcher_android:mergeDebugAssets', task ':workmanager:mergeDebugShaders', task ':workmanager:compileDebugShaders', task ':workmanager:generateDebugAssets', task ':workmanager:mergeDebugAssets', task ':app:mergeDebugAssets', task ':app:copyFlutterAssetsDebug', task ':app:generateDebugResValues', task ':app_links:generateDebugResValues', task ':app_links:generateDebugResources', task ':app_links:packageDebugResources', task ':device_info_plus:generateDebugResValues', task ':device_info_plus:generateDebugResources', task ':device_info_plus:packageDebugResources', task ':flutter_secure_storage:generateDebugResValues', task ':flutter_secure_storage:generateDebugResources', task ':flutter_secure_storage:packageDebugResources', task ':path_provider_android:generateDebugResValues', task ':path_provider_android:generateDebugResources', task ':path_provider_android:packageDebugResources', task ':permission_handler_android:generateDebugResValues', task ':permission_handler_android:generateDebugResources', task ':permission_handler_android:packageDebugResources', task ':shared_preferences_android:generateDebugResValues', task ':shared_preferences_android:generateDebugResources', task ':shared_preferences_android:packageDebugResources', task ':url_launcher_android:generateDebugResValues', task ':url_launcher_android:generateDebugResources', task ':url_launcher_android:packageDebugResources', task ':workmanager:generateDebugResValues', task ':workmanager:generateDebugResources', task ':workmanager:packageDebugResources', task ':app:mapDebugSourceSetPaths', task ':app:generateDebugResources', task ':app:mergeDebugResources', task ':app:packageDebugResources', task ':app:parseDebugLocalResources', task ':app:createDebugCompatibleScreenManifests', task ':app:extractDeepLinksDebug', task ':app_links:extractDeepLinksDebug', task ':app_links:processDebugManifest', task ':device_info_plus:extractDeepLinksDebug', task ':device_info_plus:processDebugManifest', task ':flutter_secure_storage:extractDeepLinksDebug', task ':flutter_secure_storage:processDebugManifest', task ':path_provider_android:extractDeepLinksDebug', task ':path_provider_android:processDebugManifest', task ':permission_handler_android:extractDeepLinksDebug', task ':permission_handler_android:processDebugManifest', task ':shared_preferences_android:extractDeepLinksDebug', task ':shared_preferences_android:processDebugManifest', task ':url_launcher_android:extractDeepLinksDebug', task ':url_launcher_android:processDebugManifest', task ':workmanager:extractDeepLinksDebug', task ':workmanager:processDebugManifest', task ':app:processDebugMainManifest', task ':app:processDebugManifest', task ':app:processDebugManifestForPackage', task ':app_links:compileDebugLibraryResources', task ':app_links:parseDebugLocalResources', task ':app_links:generateDebugRFile', task ':device_info_plus:compileDebugLibraryResources', task ':device_info_plus:parseDebugLocalResources', task ':device_info_plus:generateDebugRFile', task ':flutter_secure_storage:compileDebugLibraryResources', task ':flutter_secure_storage:parseDebugLocalResources', task ':flutter_secure_storage:generateDebugRFile', task ':path_provider_android:compileDebugLibraryResources', task ':path_provider_android:parseDebugLocalResources', task ':path_provider_android:generateDebugRFile', task ':permission_handler_android:compileDebugLibraryResources', task ':permission_handler_android:parseDebugLocalResources', task ':permission_handler_android:generateDebugRFile', task ':shared_preferences_android:compileDebugLibraryResources', task ':shared_preferences_android:parseDebugLocalResources', task ':shared_preferences_android:generateDebugRFile', task ':url_launcher_android:compileDebugLibraryResources', task ':url_launcher_android:parseDebugLocalResources', task ':url_launcher_android:generateDebugRFile', task ':workmanager:compileDebugLibraryResources', task ':workmanager:parseDebugLocalResources', task ':workmanager:generateDebugRFile', task ':app:processDebugResources', task ':app_links:javaPreCompileDebug', task ':app_links:compileDebugJavaWithJavac', task ':app_links:bundleLibCompileToJarDebug', task ':device_info_plus:checkKotlinGradlePluginConfigurationErrors', task ':device_info_plus:compileDebugKotlin', task ':device_info_plus:javaPreCompileDebug', task ':device_info_plus:compileDebugJavaWithJavac', task ':device_info_plus:bundleLibCompileToJarDebug', task ':flutter_secure_storage:generateDebugBuildConfig', task ':flutter_secure_storage:javaPreCompileDebug', task ':flutter_secure_storage:compileDebugJavaWithJavac', task ':flutter_secure_storage:bundleLibCompileToJarDebug', task ':path_provider_android:javaPreCompileDebug', task ':path_provider_android:compileDebugJavaWithJavac', task ':path_provider_android:bundleLibCompileToJarDebug', task ':permission_handler_android:javaPreCompileDebug', task ':permission_handler_android:compileDebugJavaWithJavac', task ':permission_handler_android:bundleLibCompileToJarDebug', task ':shared_preferences_android:checkKotlinGradlePluginConfigurationErrors', task ':shared_preferences_android:compileDebugKotlin', task ':shared_preferences_android:javaPreCompileDebug', task ':shared_preferences_android:compileDebugJavaWithJavac', task ':shared_preferences_android:bundleLibCompileToJarDebug', task ':url_launcher_android:generateDebugBuildConfig', task ':url_launcher_android:javaPreCompileDebug', task ':url_launcher_android:compileDebugJavaWithJavac', task ':url_launcher_android:bundleLibCompileToJarDebug', task ':workmanager:checkKotlinGradlePluginConfigurationErrors', task ':workmanager:compileDebugKotlin', task ':workmanager:javaPreCompileDebug', task ':workmanager:compileDebugJavaWithJavac', task ':workmanager:bundleLibCompileToJarDebug', task ':app:compileDebugKotlin', task ':app:javaPreCompileDebug', task ':app:compileDebugJavaWithJavac', task ':app:compressDebugAssets', task ':app:processDebugJavaRes', task ':app_links:processDebugJavaRes', task ':device_info_plus:processDebugJavaRes', task ':flutter_secure_storage:processDebugJavaRes', task ':path_provider_android:processDebugJavaRes', task ':permission_handler_android:processDebugJavaRes', task ':shared_preferences_android:processDebugJavaRes', task ':url_launcher_android:processDebugJavaRes', task ':workmanager:processDebugJavaRes', task ':app:mergeDebugJavaResource', task ':app:checkDebugDuplicateClasses', task ':app:desugarDebugFileDependencies', task ':app:mergeExtDexDebug', task ':app_links:bundleLibRuntimeToDirDebug', task ':device_info_plus:bundleLibRuntimeToDirDebug', task ':flutter_secure_storage:bundleLibRuntimeToDirDebug', task ':path_provider_android:bundleLibRuntimeToDirDebug', task ':permission_handler_android:bundleLibRuntimeToDirDebug', task ':shared_preferences_android:bundleLibRuntimeToDirDebug', task ':url_launcher_android:bundleLibRuntimeToDirDebug', task ':workmanager:bundleLibRuntimeToDirDebug', task ':app:mergeLibDexDebug', task ':app:dexBuilderDebug', task ':app:mergeProjectDexDebug', task ':app:configureCMakeDebug[arm64-v8a]', task ':app:buildCMakeDebug[arm64-v8a]', task ':app:configureCMakeDebug[armeabi-v7a]', task ':app:buildCMakeDebug[armeabi-v7a]', task ':app:configureCMakeDebug[x86_64]', task ':app:buildCMakeDebug[x86_64]', task ':app:mergeDebugJniLibFolders', task ':app_links:mergeDebugJniLibFolders', task ':app_links:mergeDebugNativeLibs', task ':app_links:copyDebugJniLibsProjectOnly', task ':device_info_plus:mergeDebugJniLibFolders', task ':device_info_plus:mergeDebugNativeLibs', task ':device_info_plus:copyDebugJniLibsProjectOnly', task ':flutter_secure_storage:mergeDebugJniLibFolders', task ':flutter_secure_storage:mergeDebugNativeLibs', task ':flutter_secure_storage:copyDebugJniLibsProjectOnly', task ':path_provider_android:mergeDebugJniLibFolders', task ':path_provider_android:mergeDebugNativeLibs', task ':path_provider_android:copyDebugJniLibsProjectOnly', task ':permission_handler_android:mergeDebugJniLibFolders', task ':permission_handler_android:mergeDebugNativeLibs', task ':permission_handler_android:copyDebugJniLibsProjectOnly', task ':shared_preferences_android:mergeDebugJniLibFolders', task ':shared_preferences_android:mergeDebugNativeLibs', task ':shared_preferences_android:copyDebugJniLibsProjectOnly', task ':url_launcher_android:mergeDebugJniLibFolders', task ':url_launcher_android:mergeDebugNativeLibs', task ':url_launcher_android:copyDebugJniLibsProjectOnly', task ':workmanager:mergeDebugJniLibFolders', task ':workmanager:mergeDebugNativeLibs', task ':workmanager:copyDebugJniLibsProjectOnly', task ':app:mergeDebugNativeLibs', task ':app:stripDebugDebugSymbols', task ':app:validateSigningDebug', task ':app:writeDebugAppMetadata', task ':app:writeDebugSigningConfigVersions', task ':app:packageDebug', task ':app:createDebugApkListingFileRedirect', task ':app:assembleDebug', task ':app_links:stripDebugDebugSymbols', task ':app_links:copyDebugJniLibsProjectAndLocalJars', task ':app_links:extractDebugAnnotations', task ':app_links:extractDeepLinksForAarDebug', task ':app_links:mergeDebugGeneratedProguardFiles', task ':app_links:mergeDebugConsumerProguardFiles', task ':app_links:prepareDebugArtProfile', task ':app_links:prepareLintJarForPublish', task ':app_links:mergeDebugJavaResource', task ':app_links:syncDebugLibJars', task ':app_links:bundleDebugAar', task ':app_links:assembleDebug', task ':device_info_plus:stripDebugDebugSymbols', task ':device_info_plus:copyDebugJniLibsProjectAndLocalJars', task ':device_info_plus:extractDebugAnnotations', task ':device_info_plus:extractDeepLinksForAarDebug', task ':device_info_plus:mergeDebugGeneratedProguardFiles', task ':device_info_plus:mergeDebugConsumerProguardFiles', task ':device_info_plus:prepareDebugArtProfile', task ':device_info_plus:prepareLintJarForPublish', task ':device_info_plus:mergeDebugJavaResource', task ':device_info_plus:syncDebugLibJars', task ':device_info_plus:bundleDebugAar', task ':device_info_plus:assembleDebug', task ':flutter_secure_storage:stripDebugDebugSymbols', task ':flutter_secure_storage:copyDebugJniLibsProjectAndLocalJars', task ':flutter_secure_storage:extractDebugAnnotations', task ':flutter_secure_storage:extractDeepLinksForAarDebug', task ':flutter_secure_storage:mergeDebugGeneratedProguardFiles', task ':flutter_secure_storage:mergeDebugConsumerProguardFiles', task ':flutter_secure_storage:prepareDebugArtProfile', task ':flutter_secure_storage:prepareLintJarForPublish', task ':flutter_secure_storage:mergeDebugJavaResource', task ':flutter_secure_storage:syncDebugLibJars', task ':flutter_secure_storage:bundleDebugAar', task ':flutter_secure_storage:assembleDebug', task ':path_provider_android:stripDebugDebugSymbols', task ':path_provider_android:copyDebugJniLibsProjectAndLocalJars', task ':path_provider_android:extractDebugAnnotations', task ':path_provider_android:extractDeepLinksForAarDebug', task ':path_provider_android:mergeDebugGeneratedProguardFiles', task ':path_provider_android:mergeDebugConsumerProguardFiles', task ':path_provider_android:prepareDebugArtProfile', task ':path_provider_android:prepareLintJarForPublish', task ':path_provider_android:mergeDebugJavaResource', task ':path_provider_android:syncDebugLibJars', task ':path_provider_android:bundleDebugAar', task ':path_provider_android:assembleDebug', task ':permission_handler_android:stripDebugDebugSymbols', task ':permission_handler_android:copyDebugJniLibsProjectAndLocalJars', task ':permission_handler_android:extractDebugAnnotations', task ':permission_handler_android:extractDeepLinksForAarDebug', task ':permission_handler_android:mergeDebugGeneratedProguardFiles', task ':permission_handler_android:mergeDebugConsumerProguardFiles', task ':permission_handler_android:prepareDebugArtProfile', task ':permission_handler_android:prepareLintJarForPublish', task ':permission_handler_android:mergeDebugJavaResource', task ':permission_handler_android:syncDebugLibJars', task ':permission_handler_android:bundleDebugAar', task ':permission_handler_android:assembleDebug', task ':shared_preferences_android:stripDebugDebugSymbols', task ':shared_preferences_android:copyDebugJniLibsProjectAndLocalJars', task ':shared_preferences_android:extractDebugAnnotations', task ':shared_preferences_android:extractDeepLinksForAarDebug', task ':shared_preferences_android:mergeDebugGeneratedProguardFiles', task ':shared_preferences_android:mergeDebugConsumerProguardFiles', task ':shared_preferences_android:prepareDebugArtProfile', task ':shared_preferences_android:prepareLintJarForPublish', task ':shared_preferences_android:mergeDebugJavaResource', task ':shared_preferences_android:syncDebugLibJars', task ':shared_preferences_android:bundleDebugAar', task ':shared_preferences_android:assembleDebug', task ':url_launcher_android:stripDebugDebugSymbols', task ':url_launcher_android:copyDebugJniLibsProjectAndLocalJars', task ':url_launcher_android:extractDebugAnnotations', task ':url_launcher_android:extractDeepLinksForAarDebug', task ':url_launcher_android:mergeDebugGeneratedProguardFiles', task ':url_launcher_android:mergeDebugConsumerProguardFiles', task ':url_launcher_android:prepareDebugArtProfile', task ':url_launcher_android:prepareLintJarForPublish', task ':url_launcher_android:mergeDebugJavaResource', task ':url_launcher_android:syncDebugLibJars', task ':url_launcher_android:bundleDebugAar', task ':url_launcher_android:assembleDebug', task ':workmanager:stripDebugDebugSymbols', task ':workmanager:copyDebugJniLibsProjectAndLocalJars', task ':workmanager:extractDebugAnnotations', task ':workmanager:extractDeepLinksForAarDebug', task ':workmanager:mergeDebugGeneratedProguardFiles', task ':workmanager:mergeDebugConsumerProguardFiles', task ':workmanager:prepareDebugArtProfile', task ':workmanager:prepareLintJarForPublish', task ':workmanager:mergeDebugJavaResource', task ':workmanager:syncDebugLibJars', task ':workmanager:bundleDebugAar', task ':workmanager:assembleDebug']
[   +3 ms] Tasks that were excluded: []
[        ] work action Parameters of ClassesDirToClassesTransform (Thread[Execution worker Thread 6,5,main]) started.
[        ] work action Parameters of DexingNoClasspathTransform (Thread[Execution worker Thread 6,5,main]) started.
[        ] Resolve mutations for :app:DebugMinSdkCheck (Thread[Execution worker Thread 6,5,main]) started.
[        ] :app:DebugMinSdkCheck (Thread[Execution worker Thread 6,5,main]) started.
[        ] > Task :app:DebugMinSdkCheck
[   +1 ms] Caching disabled for task ':app:DebugMinSdkCheck' because:
[        ]   Build cache is disabled
[        ] Task ':app:DebugMinSdkCheck' is not up-to-date because:
[        ]   Task has not declared any outputs despite executing actions.
[        ] Resolve mutations for :app:preBuild (Thread[Execution worker Thread 6,5,main]) started.
[        ] :app:preBuild (Thread[Execution worker Thread 6,5,main]) started.
[        ] > Task :app:preBuild UP-TO-DATE
[        ] Skipping task ':app:preBuild' as it has no actions.
[        ] Resolve mutations for :app:preDebugBuild (Thread[Execution worker Thread 6,5,main]) started.
[        ] :app:preDebugBuild (Thread[Execution worker Thread 6,5,main]) started.
[        ] > Task :app:preDebugBuild UP-TO-DATE
[        ] Skipping task ':app:preDebugBuild' as it has no actions.
[        ] Resolve mutations for :app:mergeDebugNativeDebugMetadata (Thread[Execution worker Thread 6,5,main]) started.
[        ] :app:mergeDebugNativeDebugMetadata (Thread[Execution worker Thread 6,5,main]) started.
[        ] > Task :app:mergeDebugNativeDebugMetadata NO-SOURCE
[        ] Skipping task ':app:mergeDebugNativeDebugMetadata' as it has no source files and no previous output files.
[        ] Resolve mutations for :app:checkKotlinGradlePluginConfigurationErrors (Thread[Execution worker Thread 6,5,main]) started.
[        ] :app:checkKotlinGradlePluginConfigurationErrors (Thread[Execution worker Thread 6,5,main]) started.
[        ] > Task :app:checkKotlinGradlePluginConfigurationErrors SKIPPED
[        ] Skipping task ':app:checkKotlinGradlePluginConfigurationErrors' as task onlyIf 'errorDiagnostics are present' is false.
[        ] Resolve mutations for :app:compileFlutterBuildDebug (Thread[Execution worker Thread 6,5,main]) started.
[        ] :app:compileFlutterBuildDebug (Thread[Execution worker Thread 6,5,main]) started.
[ +386 ms] > Task :app:compileFlutterBuildDebug FAILED
[ +147 ms] [Incubating] Problems report is available at: file:///C:/Users/Enock%20Mumo/Desktop/iano/permission_manager_pro/build/reports/problems/problems-report.html
flutter : [   +3 ms] 
FAILURE: Build 
failed with an 
exception.
At line:1 char:1
+ flutter run -v > 
build_log.txt 2>&1
+ ~~~~~~~~~~~~~~~~~~~
~~~~~~~~~~~~~~~~
    + CategoryInfo   
           : NotSpe  
  cified: ([   +3    
 ms] FAIL...h an     
exception.:Strin    
g) [], RemoteExc    
eption
    + FullyQualified 
   ErrorId : Native  
  CommandError
 
[   +3 ms] * What 
went wrong:
[        ] Some 
problems were found 
with the 
configuration of 
task ':app:compileFlu
tterBuildDebug' 
(type 'FlutterTask').
[        ]   - In 
plugin 'dev.flutter.f
lutter-gradle-plugin'
 type 'com.flutter.gr
adle.tasks.FlutterTas
k' property 
'outputFiles' is not 
writable because 
'C:\Users\Enock\ Mumo
\Desktop\iano\permiss
ion_manager_pro\build
\app\intermediates\fl
utter\debug\flutter_a
ssets\.env' ancestor 
'C:\Users\Enock' is 
not a directory.
[        ]     
Reason: Cannot 
create parent 
directories that are 
existing as file.
[        ]     
Possible solution: 
Configure 
'outputFiles' to 
point to the correct 
location.
[        ]     For 
more information, 
please refer to https
://docs.gradle.org/8.
12/userguide/validati
on_problems.html#cann
ot_write_output in 
the Gradle 
documentation.
[        ]   - In 
plugin 'dev.flutter.f
lutter-gradle-plugin'
 type 'com.flutter.gr
adle.tasks.FlutterTas
k' property 
'outputFiles' is not 
writable because 
'C:\Users\Enock\ Mumo
\Desktop\iano\permiss
ion_manager_pro\build
\app\intermediates\fl
utter\debug\flutter_a
ssets\AssetManifest.b
in' ancestor 
'C:\Users\Enock' is 
not a directory.
[        ]     
Reason: Cannot 
create parent 
directories that are 
existing as file.
[        ]     
Possible solution: 
Configure 
'outputFiles' to 
point to the correct 
location.
[        ]     For 
more information, 
please refer to https
://docs.gradle.org/8.
12/userguide/validati
on_problems.html#cann
ot_write_output in 
the Gradle 
documentation.
[  +43 ms]   - In 
plugin 'dev.flutter.f
lutter-gradle-plugin'
 type 'com.flutter.gr
adle.tasks.FlutterTas
k' property 
'outputFiles' is not 
writable because 
'C:\Users\Enock\ Mumo
\Desktop\iano\permiss
ion_manager_pro\build
\app\intermediates\fl
utter\debug\flutter_a
ssets\AssetManifest.j
son' ancestor 
'C:\Users\Enock' is 
not a directory.
[        ]     
Reason: Cannot 
create parent 
directories that are 
existing as file.
[        ]     
Possible solution: 
Configure 
'outputFiles' to 
point to the correct 
location.
[  +98 ms]     For 
more information, 
please refer to https
://docs.gradle.org/8.
12/userguide/validati
on_problems.html#cann
ot_write_output in 
the Gradle 
documentation.
[        ]   - In 
plugin 'dev.flutter.f
lutter-gradle-plugin'
 type 'com.flutter.gr
adle.tasks.FlutterTas
k' property 
'outputFiles' is not 
writable because 
'C:\Users\Enock\ Mumo
\Desktop\iano\permiss
ion_manager_pro\build
\app\intermediates\fl
utter\debug\flutter_a
ssets\FontManifest.js
on' ancestor 
'C:\Users\Enock' is 
not a directory.
[        ]     
Reason: Cannot 
create parent 
directories that are 
existing as file.
[        ]     
Possible solution: 
Configure 
'outputFiles' to 
point to the correct 
location.
[        ]     For 
more information, 
please refer to https
://docs.gradle.org/8.
12/userguide/validati
on_problems.html#cann
ot_write_output in 
the Gradle 
documentation.
[        ]   - In 
plugin 'dev.flutter.f
lutter-gradle-plugin'
 type 'com.flutter.gr
adle.tasks.FlutterTas
k' property 
'outputFiles' is not 
writable because 
'C:\Users\Enock\ Mumo
\Desktop\iano\permiss
ion_manager_pro\build
\app\intermediates\fl
utter\debug\flutter_a
ssets\NOTICES.Z' 
ancestor 
'C:\Users\Enock' is 
not a directory.
[  +12 ms]     
Reason: Cannot 
create parent 
directories that are 
existing as file.
[   +1 ms]     
Possible solution: 
Configure 
'outputFiles' to 
point to the correct 
location.
[        ]     For 
more information, 
please refer to https
://docs.gradle.org/8.
12/userguide/validati
on_problems.html#cann
ot_write_output in 
the Gradle 
documentation.
[        ] * Try:
[        ] > Run 
with --debug option 
to get more log 
output.
[        ] > Run 
with --scan to get 
full insights.
[        ] > Get 
more help at https://
help.gradle.org.
[  +13 ms] * 
Exception is:
[   +4 ms] org.gradle
.internal.execution.W
orkValidationExceptio
n: Some problems 
were found with the 
configuration of 
task ':app:compileFlu
tterBuildDebug' 
(type 'FlutterTask').
[        ]   - In 
plugin 'dev.flutter.f
lutter-gradle-plugin'
 type 'com.flutter.gr
adle.tasks.FlutterTas
k' property 
'outputFiles' is not 
writable because 
'C:\Users\Enock\ Mumo
\Desktop\iano\permiss
ion_manager_pro\build
\app\intermediates\fl
utter\debug\flutter_a
ssets\.env' ancestor 
'C:\Users\Enock' is 
not a directory.
[        ]     
Reason: Cannot 
create parent 
directories that are 
existing as file.
[        ]     
Possible solution: 
Configure 
'outputFiles' to 
point to the correct 
location.
[  +10 ms]     For 
more information, 
please refer to https
://docs.gradle.org/8.
12/userguide/validati
on_problems.html#cann
ot_write_output in 
the Gradle 
documentation.
[        ]   - In 
plugin 'dev.flutter.f
lutter-gradle-plugin'
 type 'com.flutter.gr
adle.tasks.FlutterTas
k' property 
'outputFiles' is not 
writable because 
'C:\Users\Enock\ Mumo
\Desktop\iano\permiss
ion_manager_pro\build
\app\intermediates\fl
utter\debug\flutter_a
ssets\AssetManifest.b
in' ancestor 
'C:\Users\Enock' is 
not a directory.
[        ]     
Reason: Cannot 
create parent 
directories that are 
existing as file.
[        ]     
Possible solution: 
Configure 
'outputFiles' to 
point to the correct 
location.
[        ]     For 
more information, 
please refer to https
://docs.gradle.org/8.
12/userguide/validati
on_problems.html#cann
ot_write_output in 
the Gradle 
documentation.
[   +4 ms]   - In 
plugin 'dev.flutter.f
lutter-gradle-plugin'
 type 'com.flutter.gr
adle.tasks.FlutterTas
k' property 
'outputFiles' is not 
writable because 
'C:\Users\Enock\ Mumo
\Desktop\iano\permiss
ion_manager_pro\build
\app\intermediates\fl
utter\debug\flutter_a
ssets\AssetManifest.j
son' ancestor 
'C:\Users\Enock' is 
not a directory.
[   +3 ms]     
Reason: Cannot 
create parent 
directories that are 
existing as file.
[   +1 ms]     
Possible solution: 
Configure 
'outputFiles' to 
point to the correct 
location.
[        ]     For 
more information, 
please refer to https
://docs.gradle.org/8.
12/userguide/validati
on_problems.html#cann
ot_write_output in 
the Gradle 
documentation.
[        ]   - In 
plugin 'dev.flutter.f
lutter-gradle-plugin'
 type 'com.flutter.gr
adle.tasks.FlutterTas
k' property 
'outputFiles' is not 
writable because 
'C:\Users\Enock\ Mumo
\Desktop\iano\permiss
ion_manager_pro\build
\app\intermediates\fl
utter\debug\flutter_a
ssets\FontManifest.js
on' ancestor 
'C:\Users\Enock' is 
not a directory.
[        ]     
Reason: Cannot 
create parent 
directories that are 
existing as file.
[        ]     
Possible solution: 
Configure 
'outputFiles' to 
point to the correct 
location.
[        ]     For 
more information, 
please refer to https
://docs.gradle.org/8.
12/userguide/validati
on_problems.html#cann
ot_write_output in 
the Gradle 
documentation.
[        ]   - In 
plugin 'dev.flutter.f
lutter-gradle-plugin'
 type 'com.flutter.gr
adle.tasks.FlutterTas
k' property 
'outputFiles' is not 
writable because 
'C:\Users\Enock\ Mumo
\Desktop\iano\permiss
ion_manager_pro\build
\app\intermediates\fl
utter\debug\flutter_a
ssets\NOTICES.Z' 
ancestor 
'C:\Users\Enock' is 
not a directory.
[        ]     
Reason: Cannot 
create parent 
directories that are 
existing as file.
[        ]     
Possible solution: 
Configure 
'outputFiles' to 
point to the correct 
location.
[        ]     For 
more information, 
please refer to https
://docs.gradle.org/8.
12/userguide/validati
on_problems.html#cann
ot_write_output in 
the Gradle 
documentation.
[   +1 ms] 	at org.gr
adle.internal.executi
on.WorkValidationExce
ption$BuilderWithSumm
ary.build(WorkValidat
ionException.java:137
)
[   +1 ms] 	at org.gr
adle.internal.executi
on.WorkValidationExce
ption$BuilderWithSumm
ary.get(WorkValidatio
nException.java:119)
[   +7 ms] 	at org.gr
adle.internal.executi
on.steps.ValidateStep
.throwValidationExcep
tion(ValidateStep.jav
a:174)
[   +1 ms] 	at org.gr
adle.internal.executi
on.steps.ValidateStep
.execute(ValidateStep
.java:99)
[        ] 	at org.gr
adle.internal.executi
on.steps.ValidateStep
.execute(ValidateStep
.java:56)
[   +1 ms] 	at org.gr
adle.internal.executi
on.steps.AbstractCapt
ureStateBeforeExecuti
onStep.execute(Abstra
ctCaptureStateBeforeE
xecutionStep.java:64)
[  +19 ms] 	at org.gr
adle.internal.executi
on.steps.AbstractCapt
ureStateBeforeExecuti
onStep.execute(Abstra
ctCaptureStateBeforeE
xecutionStep.java:43)
[   +1 ms] 	at org.gr
adle.internal.executi
on.steps.AbstractSkip
EmptyWorkStep.execute
WithNonEmptySources(A
bstractSkipEmptyWorkS
tep.java:125)
[  +20 ms] 	at org.gr
adle.internal.executi
on.steps.AbstractSkip
EmptyWorkStep.execute
(AbstractSkipEmptyWor
kStep.java:56)
[   +1 ms] 	at org.gr
adle.internal.executi
on.steps.AbstractSkip
EmptyWorkStep.execute
(AbstractSkipEmptyWor
kStep.java:36)
[   +1 ms] 	at org.gr
adle.internal.executi
on.steps.legacy.MarkS
napshottingInputsStar
tedStep.execute(MarkS
napshottingInputsStar
tedStep.java:38)
[   +1 ms] 	at org.gr
adle.internal.executi
on.steps.LoadPrevious
ExecutionStateStep.ex
ecute(LoadPreviousExe
cutionStateStep.java:
36)
[   +1 ms] 	at org.gr
adle.internal.executi
on.steps.LoadPrevious
ExecutionStateStep.ex
ecute(LoadPreviousExe
cutionStateStep.java:
23)
[   +1 ms] 	at org.gr
adle.internal.executi
on.steps.HandleStaleO
utputsStep.execute(Ha
ndleStaleOutputsStep.
java:75)
[   +1 ms] 	at org.gr
adle.internal.executi
on.steps.HandleStaleO
utputsStep.execute(Ha
ndleStaleOutputsStep.
java:41)
[   +1 ms] 	at org.gr
adle.internal.executi
on.steps.AssignMutabl
eWorkspaceStep.lambda
$execute$0(AssignMuta
bleWorkspaceStep.java
:35)
[   +1 ms] 	at org.gr
adle.api.internal.tas
ks.execution.TaskExec
ution$4.withWorkspace
(TaskExecution.java:2
89)
[   +1 ms] 	at org.gr
adle.internal.executi
on.steps.AssignMutabl
eWorkspaceStep.execut
e(AssignMutableWorksp
aceStep.java:31)
[   +1 ms] 	at org.gr
adle.internal.executi
on.steps.AssignMutabl
eWorkspaceStep.execut
e(AssignMutableWorksp
aceStep.java:22)
[  +10 ms] 	at org.gr
adle.internal.executi
on.steps.ChoosePipeli
neStep.execute(Choose
PipelineStep.java:40)
[        ] 	at org.gr
adle.internal.executi
on.steps.ChoosePipeli
neStep.execute(Choose
PipelineStep.java:23)
[        ] 	at org.gr
adle.internal.executi
on.steps.ExecuteWorkB
uildOperationFiringSt
ep.lambda$execute$2(E
xecuteWorkBuildOperat
ionFiringStep.java:67
)
[        ] 	at java.b
ase/java.util.Optiona
l.orElseGet(Optional.
java:364)
[        ] 	at org.gr
adle.internal.executi
on.steps.ExecuteWorkB
uildOperationFiringSt
ep.execute(ExecuteWor
kBuildOperationFiring
Step.java:67)
[        ] 	at org.gr
adle.internal.executi
on.steps.ExecuteWorkB
uildOperationFiringSt
ep.execute(ExecuteWor
kBuildOperationFiring
Step.java:39)
[        ] 	at org.gr
adle.internal.executi
on.steps.IdentityCach
eStep.execute(Identit
yCacheStep.java:46)
[        ] 	at org.gr
adle.internal.executi
on.steps.IdentityCach
eStep.execute(Identit
yCacheStep.java:34)
[        ] 	at org.gr
adle.internal.executi
on.steps.IdentifyStep
.execute(IdentifyStep
.java:48)
[        ] 	at org.gr
adle.internal.executi
on.steps.IdentifyStep
.execute(IdentifyStep
.java:35)
[        ] 	at org.gr
adle.internal.executi
on.impl.DefaultExecut
ionEngine$1.execute(D
efaultExecutionEngine
.java:61)
[        ] 	at org.gr
adle.api.internal.tas
ks.execution.ExecuteA
ctionsTaskExecuter.ex
ecuteIfValid(ExecuteA
ctionsTaskExecuter.ja
va:127)
[        ] 	at org.gr
adle.api.internal.tas
ks.execution.ExecuteA
ctionsTaskExecuter.ex
ecute(ExecuteActionsT
askExecuter.java:116)
[        ] 	at org.gr
adle.api.internal.tas
ks.execution.Problems
TaskPathTrackingTaskE
xecuter.execute(Probl
emsTaskPathTrackingTa
skExecuter.java:40)
[        ] 	at org.gr
adle.api.internal.tas
ks.execution.Finalize
PropertiesTaskExecute
r.execute(FinalizePro
pertiesTaskExecuter.j
ava:46)
[        ] 	at org.gr
adle.api.internal.tas
ks.execution.ResolveT
askExecutionModeExecu
ter.execute(ResolveTa
skExecutionModeExecut
er.java:51)
[        ] 	at org.gr
adle.api.internal.tas
ks.execution.SkipTask
WithNoActionsExecuter
.execute(SkipTaskWith
NoActionsExecuter.jav
a:57)
[        ] 	at org.gr
adle.api.internal.tas
ks.execution.SkipOnly
IfTaskExecuter.execut
e(SkipOnlyIfTaskExecu
ter.java:74)
[        ] 	at org.gr
adle.api.internal.tas
ks.execution.CatchExc
eptionTaskExecuter.ex
ecute(CatchExceptionT
askExecuter.java:36)
[        ] 	at org.gr
adle.api.internal.tas
ks.execution.EventFir
ingTaskExecuter$1.exe
cuteTask(EventFiringT
askExecuter.java:77)
[        ] 	at org.gr
adle.api.internal.tas
ks.execution.EventFir
ingTaskExecuter$1.cal
l(EventFiringTaskExec
uter.java:55)
[        ] 	at org.gr
adle.api.internal.tas
ks.execution.EventFir
ingTaskExecuter$1.cal
l(EventFiringTaskExec
uter.java:52)
[        ] 	at org.gr
adle.internal.operati
ons.DefaultBuildOpera
tionRunner$CallableBu
ildOperationWorker.ex
ecute(DefaultBuildOpe
rationRunner.java:209
)
[        ] 	at org.gr
adle.internal.operati
ons.DefaultBuildOpera
tionRunner$CallableBu
ildOperationWorker.ex
ecute(DefaultBuildOpe
rationRunner.java:204
)
[        ] 	at org.gr
adle.internal.operati
ons.DefaultBuildOpera
tionRunner$2.execute(
DefaultBuildOperation
Runner.java:66)
[        ] 	at org.gr
adle.internal.operati
ons.DefaultBuildOpera
tionRunner$2.execute(
DefaultBuildOperation
Runner.java:59)
[        ] 	at org.gr
adle.internal.operati
ons.DefaultBuildOpera
tionRunner.execute(De
faultBuildOperationRu
nner.java:166)
[        ] 	at org.gr
adle.internal.operati
ons.DefaultBuildOpera
tionRunner.execute(De
faultBuildOperationRu
nner.java:59)
[        ] 	at org.gr
adle.internal.operati
ons.DefaultBuildOpera
tionRunner.call(Defau
ltBuildOperationRunne
r.java:53)
[        ] 	at org.gr
adle.api.internal.tas
ks.execution.EventFir
ingTaskExecuter.execu
te(EventFiringTaskExe
cuter.java:52)
[        ] 	at org.gr
adle.execution.plan.L
ocalTaskNodeExecutor.
execute(LocalTaskNode
Executor.java:42)
[        ] 	at org.gr
adle.execution.taskgr
aph.DefaultTaskExecut
ionGraph$InvokeNodeEx
ecutorsAction.execute
(DefaultTaskExecution
Graph.java:331)
[        ] 	at org.gr
adle.execution.taskgr
aph.DefaultTaskExecut
ionGraph$InvokeNodeEx
ecutorsAction.execute
(DefaultTaskExecution
Graph.java:318)
[        ] 	at org.gr
adle.execution.taskgr
aph.DefaultTaskExecut
ionGraph$BuildOperati
onAwareExecutionActio
n.lambda$execute$0(De
faultTaskExecutionGra
ph.java:314)
[        ] 	at org.gr
adle.internal.operati
ons.CurrentBuildOpera
tionRef.with(CurrentB
uildOperationRef.java
:85)
[        ] 	at org.gr
adle.execution.taskgr
aph.DefaultTaskExecut
ionGraph$BuildOperati
onAwareExecutionActio
n.execute(DefaultTask
ExecutionGraph.java:3
14)
[        ] 	at org.gr
adle.execution.taskgr
aph.DefaultTaskExecut
ionGraph$BuildOperati
onAwareExecutionActio
n.execute(DefaultTask
ExecutionGraph.java:3
03)
[        ] 	at org.gr
adle.execution.plan.D
efaultPlanExecutor$Ex
ecutorWorker.execute(
DefaultPlanExecutor.j
ava:459)
[        ] 	at org.gr
adle.execution.plan.D
efaultPlanExecutor$Ex
ecutorWorker.run(Defa
ultPlanExecutor.java:
376)
[        ] 	at org.gr
adle.internal.concurr
ent.ExecutorPolicy$Ca
tchAndRecordFailures.
onExecute(ExecutorPol
icy.java:64)
[        ] 	at org.gr
adle.internal.concurr
ent.AbstractManagedEx
ecutor$1.run(Abstract
ManagedExecutor.java:
48)
[        ] 	at java.b
ase/java.util.concurr
ent.ThreadPoolExecuto
r.runWorker(ThreadPoo
lExecutor.java:1136)
[        ] 	at java.b
ase/java.util.concurr
ent.ThreadPoolExecuto
r$Worker.run(ThreadPo
olExecutor.java:635)
[        ] 	at java.b
ase/java.lang.Thread.
run(Thread.java:840)
[        ] BUILD 
FAILED in 9s
[        ] Deprecated Gradle features were used in this build, making it incompatible with Gradle 9.0.
[        ] You can use '--warning-mode all' to show the individual deprecation warnings and determine if they come from your own scripts or plugins.
[        ] For more on this, please refer to https://docs.gradle.org/8.12/userguide/command_line_interface.html#sec:command_line_warnings in the Gradle documentation.
[        ] 6 actionable tasks: 2 executed, 4 up-to-date
[        ] Watched directory hierarchies: [C:\flutter\packages\flutter_tools\gradle, C:\Users\Enock Mumo\Desktop\iano\permission_manager_pro\android]
[ +189 ms] Running Gradle task 'assembleDebug'... (completed in 9.8s)
[+17705 ms] Error: 
Gradle task 
assembleDebug failed 
with exit code 1
[   +1 ms] "flutter run" took 30,677ms.
[ +117 ms] 
           #0      
throwToolExit (packag
e:flutter_tools/src/b
ase/common.dart:34:3)
           #1      Ru
nCommand.runCommand (
package:flutter_tools
/src/commands/run.dar
t:872:9)
           
<asynchronous 
suspension>
           #2      Fl
utterCommand.run.<ano
nymous closure> (pack
age:flutter_tools/src
/runner/flutter_comma
nd.dart:1581:27)
           
<asynchronous 
suspension>
           #3      Ap
pContext.run.<anonymo
us closure> (package:
flutter_tools/src/bas
e/context.dart:154:19
)
           
<asynchronous 
suspension>
           #4      Co
mmandRunner.runComman
d (package:args/comma
nd_runner.dart:212:13
)
           
<asynchronous 
suspension>
           #5      Fl
utterCommandRunner.ru
nCommand.<anonymous 
closure> (package:flu
tter_tools/src/runner
/flutter_command_runn
er.dart:503:9)
           
<asynchronous 
suspension>
           #6      Ap
pContext.run.<anonymo
us closure> (package:
flutter_tools/src/bas
e/context.dart:154:19
)
           
<asynchronous 
suspension>
           #7      Fl
utterCommandRunner.ru
nCommand (package:flu
tter_tools/src/runner
/flutter_command_runn
er.dart:438:5)
           
<asynchronous 
suspension>
           #8      
run.<anonymous 
closure>.<anonymous 
closure> (package:flu
tter_tools/runner.dar
t:98:11)
           
<asynchronous 
suspension>
           #9      Ap
pContext.run.<anonymo
us closure> (package:
flutter_tools/src/bas
e/context.dart:154:19
)
           
<asynchronous 
suspension>
           #10     
main (package:flutter
_tools/executable.dar
t:101:3)
           
<asynchronous 
suspension>


[        ] Running 3 shutdown hooks
[  +13 ms] Shutdown hooks complete
[ +257 ms] exiting with code 1
